{"level":"info","message":"hello"}
{"level":"error","message":"GET /asdfqwe 라우터가 없습니다."}
{"level":"info","message":"hello"}
{"level":"error","message":"GET /favicon.ico 라우터가 없습니다."}
{"level":"info","message":"hello"}
{"level":"error","message":"GET /favicon.ico 라우터가 없습니다."}
{"level":"info","message":"hello"}
{"level":"error","message":"GET /favicon.ico 라우터가 없습니다."}
{"level":"info","message":"hello"}
{"level":"error","message":"GET /favicon.ico 라우터가 없습니다."}
{"level":"info","message":"hello"}
{"level":"error","message":"POST / 라우터가 없습니다."}
{"level":"info","message":"hello"}
{"level":"error","message":"POST /?loginError=Missing%20credentials 라우터가 없습니다."}
{"level":"info","message":"hello"}
{"level":"error","message":"GET /auth/kakao/callbackaad 라우터가 없습니다."}
{"level":"info","message":"hello"}
{"level":"error","message":"GET /favicon.ico 라우터가 없습니다."}
{"level":"info","message":"hello"}
{"level":"error","message":"GET /favicon.ico 라우터가 없습니다."}
{"level":"info","message":"hello"}
{"level":"error","message":"GET /favicon.ico 라우터가 없습니다."}
{"level":"info","message":"hello"}
{"level":"error","message":"GET /favicon.ico 라우터가 없습니다."}
{"level":"info","message":"hello"}
{"level":"error","message":"GET /favicon.ico 라우터가 없습니다."}
{"level":"info","message":"hello"}
{"level":"error","message":"GET /anonimous-chat 라우터가 없습니다."}
{"level":"info","message":"hello"}
{"level":"error","message":"GET /anonimous-chat 라우터가 없습니다."}
{"level":"info","message":"hello"}
{"level":"error","message":"GET /anonimous-chat 라우터가 없습니다."}
{"level":"info","message":"hello"}
{"level":"error","message":"GET /anonimous-chat 라우터가 없습니다."}
{"level":"info","message":"hello"}
{"level":"error","message":"GET /anonimous-chat 라우터가 없습니다."}
{"level":"info","message":"hello"}
{"level":"error","message":"GET /anonimous 라우터가 없습니다."}
